2026/05/29 20:59:09 client: Connecting to wss://friendly-perspective-forth-austin.trycloudflare.com:443
2026/05/29 20:59:09 client: tun: proxy#127.0.0.1:1080=>socks: Listening
2026/05/29 20:59:16 client: Connection error: websocket: bad handshake
2026/05/29 20:59:16 client: Retrying in 100ms...
2026/05/29 20:59:21 client: Connection error: websocket: bad handshake (Attempt: 1/unlimited)
2026/05/29 20:59:21 client: Retrying in 200ms...
2026/05/29 20:59:26 client: Connection error: websocket: bad handshake (Attempt: 2/unlimited)
2026/05/29 20:59:26 client: Retrying in 400ms...
2026/05/29 20:59:29 client: Connection error: websocket: bad handshake (Attempt: 3/unlimited)
2026/05/29 20:59:29 client: Retrying in 800ms...
2026/05/29 20:59:35 client: Connection error: websocket: bad handshake (Attempt: 4/unlimited)
2026/05/29 20:59:35 client: Retrying in 1.6s...
2026/05/29 20:59:42 client: Connection error: websocket: bad handshake (Attempt: 5/unlimited)
2026/05/29 20:59:42 client: Retrying in 3.2s...
2026/05/29 20:59:49 client: Connection error: websocket: bad handshake (Attempt: 6/unlimited)
2026/05/29 20:59:49 client: Retrying in 6.4s...
2026/05/29 20:59:59 client: Connection error: websocket: bad handshake (Attempt: 7/unlimited)
2026/05/29 20:59:59 client: Retrying in 12.8s...
2026/05/29 21:00:15 client: Connection error: websocket: bad handshake (Attempt: 8/unlimited)
2026/05/29 21:00:15 client: Retrying in 25.6s...
2026/05/29 21:00:42 client: Retrying in 51.2s...
2026/05/29 21:02:18 client: Connection error: context deadline exceeded (Attempt: 10/unlimited)
2026/05/29 21:02:18 client: Retrying in 1m42.4s...
2026/05/29 21:04:02 client: Connection error: remote error: tls: handshake failure (Attempt: 11/unlimited)
2026/05/29 21:04:02 client: Retrying in 3m24.8s...
2026/05/29 21:07:28 client: Connection error: remote error: tls: handshake failure (Attempt: 12/unlimited)
2026/05/29 21:07:28 client: Retrying in 5m0s...
